//  Catapult Ultra Synthesis 10.4b/841621 (Production Release) Thu Oct 24 17:20:07 PDT 2019
//  
//  Copyright (c) Mentor Graphics Corporation, 1996-2019, All Rights Reserved.
//                        UNPUBLISHED, LICENSED SOFTWARE.
//             CONFIDENTIAL AND PROPRIETARY INFORMATION WHICH IS THE
//                 PROPERTY OF MENTOR GRAPHICS OR ITS LICENSORS
//  
//  Running on Linux juliadu@rice-02 6.8.0-50-generic x86_64 aol
//  
//  Package information: SIFLIBS v23.4_2.0, HLS_PKGS v23.4_2.0, 
//                       SIF_TOOLKITS v23.4_2.0, SIF_XILINX v23.4_2.0, 
//                       SIF_ALTERA v23.4_2.0, CCS_LIBS v23.4_2.0, 
//                       CDS_PPRO v10.3a_3, CDS_DesigChecker v10.4b, 
//                       CDS_OASYS v19.1_2.4, CDS_PSR v19.1_1.16, 
//                       DesignPad v2.78_1.0
//  
//  Start time Sun Feb 16 15:58:06 2025
# -------------------------------------------------
# Logging session transcript to file "/tmp/log174603698316b04.0"
# Moving session transcript to file "/home/users/juliadu/Documents/ee272/solutions/dnn-accelerator-hls-master/catapult.log"
# Warning: No Encrypted Liberty technology libraries have been specified (LIB-192)
# Warning: No Process Technology File (PTF) technology libraries have been specified (LIB-192)
# Warning: No Synopsys DB technology libraries have been specified (LIB-192)
# Warning: No Encrypted Liberty technology libraries have been specified (LIB-192)
# Warning: No Process Technology File (PTF) technology libraries have been specified (LIB-192)
# Warning: No Synopsys DB technology libraries have been specified (LIB-192)
# Reading solution library '/home/users/juliadu/Documents/ee272/solutions/dnn-accelerator-hls-master/build/ProcessingElementless_IDTYPEcomma_ODTYPEgreater_.v1/solIndex.xml' ... (LIB-129)
# Reading solution library '/home/users/juliadu/Documents/ee272/solutions/dnn-accelerator-hls-master/build/td_ccore_solutions/Fifo_ODTYPE_16__7b014564fab791d44eee51454967eaae7c53_0/solIndex.xml' ... (LIB-129)
# Reading solution library '/home/users/juliadu/Documents/ee272/solutions/dnn-accelerator-hls-master/build/td_ccore_solutions/Fifo_ODTYPE_15__94420f3ba719784bd596bb6f5b4a592f79f4_0/solIndex.xml' ... (LIB-129)
# Reading solution library '/home/users/juliadu/Documents/ee272/solutions/dnn-accelerator-hls-master/build/td_ccore_solutions/Fifo_ODTYPE_14__b3eaf335a4248ebce1aae0fb020a12b37795_0/solIndex.xml' ... (LIB-129)
# Reading solution library '/home/users/juliadu/Documents/ee272/solutions/dnn-accelerator-hls-master/build/td_ccore_solutions/Fifo_ODTYPE_13__abbc9a80d7293f973a216b1e3f7e9d407536_0/solIndex.xml' ... (LIB-129)
# Reading solution library '/home/users/juliadu/Documents/ee272/solutions/dnn-accelerator-hls-master/build/td_ccore_solutions/Fifo_ODTYPE_12__485f5e0dbcc03e3ba42180cf7f54fc9272d7_0/solIndex.xml' ... (LIB-129)
# Reading solution library '/home/users/juliadu/Documents/ee272/solutions/dnn-accelerator-hls-master/build/td_ccore_solutions/Fifo_ODTYPE_11__cdde72e4ef69a1eeb7ee0becd27a560a7078_0/solIndex.xml' ... (LIB-129)
# Reading solution library '/home/users/juliadu/Documents/ee272/solutions/dnn-accelerator-hls-master/build/td_ccore_solutions/Fifo_ODTYPE_10__da64d9c907530f061bca481b6413340b6e1a_0/solIndex.xml' ... (LIB-129)
# Reading solution library '/home/users/juliadu/Documents/ee272/solutions/dnn-accelerator-hls-master/build/td_ccore_solutions/Fifo_ODTYPE_9__e2f0a7a9b4702c208efb977f3c96f21c6bb0_0/solIndex.xml' ... (LIB-129)
# Reading solution library '/home/users/juliadu/Documents/ee272/solutions/dnn-accelerator-hls-master/build/td_ccore_solutions/Fifo_ODTYPE_8__36017b6636dfd2837d0103d16de4eac26952_0/solIndex.xml' ... (LIB-129)
# Reading solution library '/home/users/juliadu/Documents/ee272/solutions/dnn-accelerator-hls-master/build/td_ccore_solutions/Fifo_ODTYPE_7__1f6e0b32b432c26dc3994a9ca75a370666f4_0/solIndex.xml' ... (LIB-129)
# Reading solution library '/home/users/juliadu/Documents/ee272/solutions/dnn-accelerator-hls-master/build/td_ccore_solutions/Fifo_ODTYPE_6__a52b90bb340c7f3eee93a89a5fd176406496_0/solIndex.xml' ... (LIB-129)
# Reading solution library '/home/users/juliadu/Documents/ee272/solutions/dnn-accelerator-hls-master/build/td_ccore_solutions/Fifo_ODTYPE_5__78b6104d7ce260a7b6fda3c68a4fb6316238_0/solIndex.xml' ... (LIB-129)
# Reading solution library '/home/users/juliadu/Documents/ee272/solutions/dnn-accelerator-hls-master/build/td_ccore_solutions/Fifo_ODTYPE_4__ceaf596ccb560661c38b5902ea16ab375fda_0/solIndex.xml' ... (LIB-129)
# Reading solution library '/home/users/juliadu/Documents/ee272/solutions/dnn-accelerator-hls-master/build/td_ccore_solutions/Fifo_ODTYPE_3__cc607baf4760b7c4fd4ece269b4a4b8c5d7c_0/solIndex.xml' ... (LIB-129)
# Reading solution library '/home/users/juliadu/Documents/ee272/solutions/dnn-accelerator-hls-master/build/td_ccore_solutions/Fifo_ODTYPE_2__5570eed8c57ba36ecdcdaa2b0331c1765b1e_0/solIndex.xml' ... (LIB-129)
# Reading solution library '/home/users/juliadu/Documents/ee272/solutions/dnn-accelerator-hls-master/build/td_ccore_solutions/Fifo_ODTYPE_1__f649c59c9fc38f517616b280c1e747cc544e_0/solIndex.xml' ... (LIB-129)
# Reading solution library '/home/users/juliadu/Documents/ee272/solutions/dnn-accelerator-hls-master/build/td_ccore_solutions/Fifo_IDTYPE_16__d38d5c3f7f7d770ed3944fd5fef6db0b7c26_0/solIndex.xml' ... (LIB-129)
# Reading solution library '/home/users/juliadu/Documents/ee272/solutions/dnn-accelerator-hls-master/build/td_ccore_solutions/Fifo_IDTYPE_15__a3693e6df94c682291b73c0533bd535379c8_0/solIndex.xml' ... (LIB-129)
# Reading solution library '/home/users/juliadu/Documents/ee272/solutions/dnn-accelerator-hls-master/build/td_ccore_solutions/Fifo_IDTYPE_14__6ed558445f9b0ba26813510e683ff2e6776a_0/solIndex.xml' ... (LIB-129)
# Reading solution library '/home/users/juliadu/Documents/ee272/solutions/dnn-accelerator-hls-master/build/td_ccore_solutions/Fifo_IDTYPE_13__3ab39e6656c571656f9f918808a98c90750c_0/solIndex.xml' ... (LIB-129)
# Reading solution library '/home/users/juliadu/Documents/ee272/solutions/dnn-accelerator-hls-master/build/td_ccore_solutions/Fifo_IDTYPE_12__41334737f9db89f3401ddbdb180284a372ae_0/solIndex.xml' ... (LIB-129)
# Reading solution library '/home/users/juliadu/Documents/ee272/solutions/dnn-accelerator-hls-master/build/td_ccore_solutions/Fifo_IDTYPE_11__b143065b8a794d7c3150cb2396006f267050_0/solIndex.xml' ... (LIB-129)
# Reading solution library '/home/users/juliadu/Documents/ee272/solutions/dnn-accelerator-hls-master/build/td_ccore_solutions/Fifo_IDTYPE_10__2ffa16ce99a732e8d71a5f721f0f2d316df3_0/solIndex.xml' ... (LIB-129)
# Reading solution library '/home/users/juliadu/Documents/ee272/solutions/dnn-accelerator-hls-master/build/td_ccore_solutions/Fifo_IDTYPE_9__3850d4c5a858cb636c57c5c7832e8f086b8a_0/solIndex.xml' ... (LIB-129)
# Reading solution library '/home/users/juliadu/Documents/ee272/solutions/dnn-accelerator-hls-master/build/td_ccore_solutions/Fifo_IDTYPE_8__088804bffe2cbc7474b0591ee11c8c42692d_0/solIndex.xml' ... (LIB-129)
# Reading solution library '/home/users/juliadu/Documents/ee272/solutions/dnn-accelerator-hls-master/build/td_ccore_solutions/Fifo_IDTYPE_7__219aaa96b5533f6efa14178ba0ae3f9266d0_0/solIndex.xml' ... (LIB-129)
# Reading solution library '/home/users/juliadu/Documents/ee272/solutions/dnn-accelerator-hls-master/build/td_ccore_solutions/Fifo_IDTYPE_6__4caa842e06e3cce2ef6eb0925cfd318a6473_0/solIndex.xml' ... (LIB-129)
# Reading solution library '/home/users/juliadu/Documents/ee272/solutions/dnn-accelerator-hls-master/build/td_ccore_solutions/Fifo_IDTYPE_5__74b9abe40f59f3bac195e723964a8a776216_0/solIndex.xml' ... (LIB-129)
# Reading solution library '/home/users/juliadu/Documents/ee272/solutions/dnn-accelerator-hls-master/build/td_ccore_solutions/Fifo_IDTYPE_4__99dd0c69a5e527ded4c3d01075afb99b5fb9_0/solIndex.xml' ... (LIB-129)
# Reading solution library '/home/users/juliadu/Documents/ee272/solutions/dnn-accelerator-hls-master/build/td_ccore_solutions/Fifo_IDTYPE_3__9ab5ce9495ab244439c9135630c9d9035d5c_0/solIndex.xml' ... (LIB-129)
# Reading solution library '/home/users/juliadu/Documents/ee272/solutions/dnn-accelerator-hls-master/build/td_ccore_solutions/Fifo_IDTYPE_2__e3a3a79fd6d2b9552fe00c731f1f97345afd_0/solIndex.xml' ... (LIB-129)
# Reading solution library '/home/users/juliadu/Documents/ee272/solutions/dnn-accelerator-hls-master/build/td_ccore_solutions/Fifo_IDTYPE_1__93d204e0bede44f1c5761a5d5c8023bb542f_0/solIndex.xml' ... (LIB-129)
# Warning: No Encrypted Liberty technology libraries have been specified (LIB-192)
# Warning: No Process Technology File (PTF) technology libraries have been specified (LIB-192)
# Warning: No Synopsys DB technology libraries have been specified (LIB-192)
# Reading solution library '/home/users/juliadu/Documents/ee272/solutions/dnn-accelerator-hls-master/build/InputDoubleBufferless_4096comma_16comma_16greater_.v1/solIndex.xml' ... (LIB-129)
# Reading solution library '/home/users/juliadu/Documents/ee272/solutions/dnn-accelerator-hls-master/build/WeightDoubleBufferless_8192comma_16comma_16greater_.v1/solIndex.xml' ... (LIB-129)
# Reading solution library '/home/users/juliadu/Documents/ee272/solutions/dnn-accelerator-hls-master/build/td_ccore_solutions/Fifo_ODTYPE_16__7b014564fab791d44eee51454967eaae7c53_0/solIndex.xml' ... (LIB-129)
# Reading solution library '/home/users/juliadu/Documents/ee272/solutions/dnn-accelerator-hls-master/build/td_ccore_solutions/Fifo_ODTYPE_15__94420f3ba719784bd596bb6f5b4a592f79f4_0/solIndex.xml' ... (LIB-129)
# Reading solution library '/home/users/juliadu/Documents/ee272/solutions/dnn-accelerator-hls-master/build/td_ccore_solutions/Fifo_ODTYPE_14__b3eaf335a4248ebce1aae0fb020a12b37795_0/solIndex.xml' ... (LIB-129)
# Reading solution library '/home/users/juliadu/Documents/ee272/solutions/dnn-accelerator-hls-master/build/td_ccore_solutions/Fifo_ODTYPE_13__abbc9a80d7293f973a216b1e3f7e9d407536_0/solIndex.xml' ... (LIB-129)
# Reading solution library '/home/users/juliadu/Documents/ee272/solutions/dnn-accelerator-hls-master/build/td_ccore_solutions/Fifo_ODTYPE_12__485f5e0dbcc03e3ba42180cf7f54fc9272d7_0/solIndex.xml' ... (LIB-129)
# Reading solution library '/home/users/juliadu/Documents/ee272/solutions/dnn-accelerator-hls-master/build/td_ccore_solutions/Fifo_ODTYPE_11__cdde72e4ef69a1eeb7ee0becd27a560a7078_0/solIndex.xml' ... (LIB-129)
# Reading solution library '/home/users/juliadu/Documents/ee272/solutions/dnn-accelerator-hls-master/build/td_ccore_solutions/Fifo_ODTYPE_10__da64d9c907530f061bca481b6413340b6e1a_0/solIndex.xml' ... (LIB-129)
# Reading solution library '/home/users/juliadu/Documents/ee272/solutions/dnn-accelerator-hls-master/build/td_ccore_solutions/Fifo_ODTYPE_9__e2f0a7a9b4702c208efb977f3c96f21c6bb0_0/solIndex.xml' ... (LIB-129)
# Reading solution library '/home/users/juliadu/Documents/ee272/solutions/dnn-accelerator-hls-master/build/td_ccore_solutions/Fifo_ODTYPE_8__36017b6636dfd2837d0103d16de4eac26952_0/solIndex.xml' ... (LIB-129)
# Reading solution library '/home/users/juliadu/Documents/ee272/solutions/dnn-accelerator-hls-master/build/td_ccore_solutions/Fifo_ODTYPE_7__1f6e0b32b432c26dc3994a9ca75a370666f4_0/solIndex.xml' ... (LIB-129)
# Reading solution library '/home/users/juliadu/Documents/ee272/solutions/dnn-accelerator-hls-master/build/td_ccore_solutions/Fifo_ODTYPE_6__a52b90bb340c7f3eee93a89a5fd176406496_0/solIndex.xml' ... (LIB-129)
# Reading solution library '/home/users/juliadu/Documents/ee272/solutions/dnn-accelerator-hls-master/build/td_ccore_solutions/Fifo_ODTYPE_5__78b6104d7ce260a7b6fda3c68a4fb6316238_0/solIndex.xml' ... (LIB-129)
# Reading solution library '/home/users/juliadu/Documents/ee272/solutions/dnn-accelerator-hls-master/build/td_ccore_solutions/Fifo_ODTYPE_4__ceaf596ccb560661c38b5902ea16ab375fda_0/solIndex.xml' ... (LIB-129)
# Reading solution library '/home/users/juliadu/Documents/ee272/solutions/dnn-accelerator-hls-master/build/td_ccore_solutions/Fifo_ODTYPE_3__cc607baf4760b7c4fd4ece269b4a4b8c5d7c_0/solIndex.xml' ... (LIB-129)
# Reading solution library '/home/users/juliadu/Documents/ee272/solutions/dnn-accelerator-hls-master/build/td_ccore_solutions/Fifo_ODTYPE_2__5570eed8c57ba36ecdcdaa2b0331c1765b1e_0/solIndex.xml' ... (LIB-129)
# Reading solution library '/home/users/juliadu/Documents/ee272/solutions/dnn-accelerator-hls-master/build/td_ccore_solutions/Fifo_ODTYPE_1__f649c59c9fc38f517616b280c1e747cc544e_0/solIndex.xml' ... (LIB-129)
# Reading solution library '/home/users/juliadu/Documents/ee272/solutions/dnn-accelerator-hls-master/build/td_ccore_solutions/Fifo_IDTYPE_16__d38d5c3f7f7d770ed3944fd5fef6db0b7c26_0/solIndex.xml' ... (LIB-129)
# Reading solution library '/home/users/juliadu/Documents/ee272/solutions/dnn-accelerator-hls-master/build/td_ccore_solutions/Fifo_IDTYPE_15__a3693e6df94c682291b73c0533bd535379c8_0/solIndex.xml' ... (LIB-129)
# Reading solution library '/home/users/juliadu/Documents/ee272/solutions/dnn-accelerator-hls-master/build/td_ccore_solutions/Fifo_IDTYPE_14__6ed558445f9b0ba26813510e683ff2e6776a_0/solIndex.xml' ... (LIB-129)
# Reading solution library '/home/users/juliadu/Documents/ee272/solutions/dnn-accelerator-hls-master/build/td_ccore_solutions/Fifo_IDTYPE_13__3ab39e6656c571656f9f918808a98c90750c_0/solIndex.xml' ... (LIB-129)
# Reading solution library '/home/users/juliadu/Documents/ee272/solutions/dnn-accelerator-hls-master/build/td_ccore_solutions/Fifo_IDTYPE_12__41334737f9db89f3401ddbdb180284a372ae_0/solIndex.xml' ... (LIB-129)
# Reading solution library '/home/users/juliadu/Documents/ee272/solutions/dnn-accelerator-hls-master/build/td_ccore_solutions/Fifo_IDTYPE_11__b143065b8a794d7c3150cb2396006f267050_0/solIndex.xml' ... (LIB-129)
# Reading solution library '/home/users/juliadu/Documents/ee272/solutions/dnn-accelerator-hls-master/build/td_ccore_solutions/Fifo_IDTYPE_10__2ffa16ce99a732e8d71a5f721f0f2d316df3_0/solIndex.xml' ... (LIB-129)
# Reading solution library '/home/users/juliadu/Documents/ee272/solutions/dnn-accelerator-hls-master/build/td_ccore_solutions/Fifo_IDTYPE_9__3850d4c5a858cb636c57c5c7832e8f086b8a_0/solIndex.xml' ... (LIB-129)
# Reading solution library '/home/users/juliadu/Documents/ee272/solutions/dnn-accelerator-hls-master/build/td_ccore_solutions/Fifo_IDTYPE_8__088804bffe2cbc7474b0591ee11c8c42692d_0/solIndex.xml' ... (LIB-129)
# Reading solution library '/home/users/juliadu/Documents/ee272/solutions/dnn-accelerator-hls-master/build/td_ccore_solutions/Fifo_IDTYPE_7__219aaa96b5533f6efa14178ba0ae3f9266d0_0/solIndex.xml' ... (LIB-129)
# Reading solution library '/home/users/juliadu/Documents/ee272/solutions/dnn-accelerator-hls-master/build/td_ccore_solutions/Fifo_IDTYPE_6__4caa842e06e3cce2ef6eb0925cfd318a6473_0/solIndex.xml' ... (LIB-129)
# Reading solution library '/home/users/juliadu/Documents/ee272/solutions/dnn-accelerator-hls-master/build/td_ccore_solutions/Fifo_IDTYPE_5__74b9abe40f59f3bac195e723964a8a776216_0/solIndex.xml' ... (LIB-129)
# Reading solution library '/home/users/juliadu/Documents/ee272/solutions/dnn-accelerator-hls-master/build/td_ccore_solutions/Fifo_IDTYPE_4__99dd0c69a5e527ded4c3d01075afb99b5fb9_0/solIndex.xml' ... (LIB-129)
# Reading solution library '/home/users/juliadu/Documents/ee272/solutions/dnn-accelerator-hls-master/build/td_ccore_solutions/Fifo_IDTYPE_3__9ab5ce9495ab244439c9135630c9d9035d5c_0/solIndex.xml' ... (LIB-129)
# Reading solution library '/home/users/juliadu/Documents/ee272/solutions/dnn-accelerator-hls-master/build/td_ccore_solutions/Fifo_IDTYPE_2__e3a3a79fd6d2b9552fe00c731f1f97345afd_0/solIndex.xml' ... (LIB-129)
# Reading solution library '/home/users/juliadu/Documents/ee272/solutions/dnn-accelerator-hls-master/build/td_ccore_solutions/Fifo_IDTYPE_1__93d204e0bede44f1c5761a5d5c8023bb542f_0/solIndex.xml' ... (LIB-129)
# Reading solution library '/home/users/juliadu/Documents/ee272/solutions/dnn-accelerator-hls-master/build/SystolicArrayCoreless_IDTYPEcomma_WDTYPEcomma_ODTYPEcomma_16comma_16greater_.v1/solIndex.xml' ... (LIB-129)
solution select -solution InputDoubleBuffer<4096,16,16>.v1
# InputDoubleBuffer<4096,16,16>.v1
quit
# Saving project file '/home/users/juliadu/Documents/ee272/solutions/dnn-accelerator-hls-master/build.ccs'. (PRJ-5)
// Finish time Sun Feb 16 16:04:08 2025, time elapsed 6:02, peak memory 1.33GB, exit status 0
